<?xml version="1.0" encoding="UTF-8"?>
<!-- Generated by org.testng.reporters.JUnitReportReporter -->
<testsuite hostname="DESKTOP-UHE9LTI" failures="0" tests="1" name="testbd.com.TC_001" time="50.352" errors="0" timestamp="2021-12-28T00:08:55 BDT" skipped="0">
  <testcase classname="testbd.com.TC_001" name="Daraz" time="50.352"/>
  <system-out/>
</testsuite> <!-- testbd.com.TC_001 -->
