<?xml version="1.0" encoding="UTF-8"?>
<!-- Generated by org.testng.reporters.JUnitReportReporter -->
<testsuite hostname="DESKTOP-UHE9LTI" failures="0" tests="1" name="testbd.com.TC_001" time="89.663" errors="0" timestamp="2021-12-29T00:52:32 BDT" skipped="0">
  <testcase classname="testbd.com.TC_001" name="Daraz" time="89.663"/>
  <system-out/>
</testsuite> <!-- testbd.com.TC_001 -->
