<?xml version="1.0" encoding="UTF-8"?>
<!-- Generated by org.testng.reporters.JUnitReportReporter -->
<testsuite hostname="DESKTOP-UHE9LTI" failures="0" tests="1" name="testbd.com.TC_001" time="73.226" errors="0" timestamp="2021-12-28T01:35:42 BDT" skipped="0">
  <testcase classname="testbd.com.TC_001" name="Daraz" time="73.226"/>
  <system-out/>
</testsuite> <!-- testbd.com.TC_001 -->
